[debug] [2022-07-06T03:15:38.637Z] ----------------------------------------------------------------------
[debug] [2022-07-06T03:15:38.639Z] Command:       C:\Program Files\nodejs\node.exe C:\Users\igoma\AppData\Roaming\npm\node_modules\firebase-tools\lib\bin\firebase.js init
[debug] [2022-07-06T03:15:38.639Z] CLI Version:   11.2.0
[debug] [2022-07-06T03:15:38.639Z] Platform:      win32
[debug] [2022-07-06T03:15:38.639Z] Node Version:  v16.15.1
[debug] [2022-07-06T03:15:38.641Z] Time:          Wed Jul 06 2022 12:15:38 GMT+0900 (대한민국 표준시)
[debug] [2022-07-06T03:15:38.641Z] ----------------------------------------------------------------------
[debug] 
[debug] [2022-07-06T03:15:38.650Z] > command requires scopes: ["email","openid","https://www.googleapis.com/auth/cloudplatformprojects.readonly","https://www.googleapis.com/auth/firebase","https://www.googleapis.com/auth/cloud-platform"]
[debug] [2022-07-06T03:15:38.651Z] > authorizing via signed-in user (han.jongho@opndoctor.com)
[info] 
     ######## #### ########  ######## ########     ###     ######  ########
     ##        ##  ##     ## ##       ##     ##  ##   ##  ##       ##
     ######    ##  ########  ######   ########  #########  ######  ######
     ##        ##  ##    ##  ##       ##     ## ##     ##       ## ##
     ##       #### ##     ## ######## ########  ##     ##  ######  ########

You're about to initialize a Firebase project in this directory:

  C:\Users\igoma\dev\opnreport\igoman1.github.io

[info] 
=== Project Setup
[info] 
[info] First, let's associate this project directory with a Firebase project.
[info] You can create multiple project aliases by running firebase use --add, 
[info] but for now we'll just set up a default project.
[info] 
[debug] [2022-07-06T03:15:43.150Z] >>> [apiv2][query] GET https://firebase.googleapis.com/v1beta1/projects pageSize=100
[debug] [2022-07-06T03:15:43.941Z] <<< [apiv2][status] GET https://firebase.googleapis.com/v1beta1/projects 200
[debug] [2022-07-06T03:15:43.941Z] <<< [apiv2][body] GET https://firebase.googleapis.com/v1beta1/projects [omitted]
[info] i  Using project opnreport-ps-jw (opnreport-ps-jw) 
[info] 
=== Hosting Setup
[info] 
[info] Your public directory is the folder (relative to your project directory) that
[info] will contain Hosting assets to be uploaded with firebase deploy. If you
[info] have a build process for your assets, use your build's output directory.
[info] 
